<?xml version="1.0" encoding="UTF-8"?>
<testsuite xmlns:xsi="http://www.w3.org/2001/XMLSchema-instance" xsi:schemaLocation="https://maven.apache.org/surefire/maven-surefire-plugin/xsd/surefire-test-report.xsd" name="com.mulesoft.training.HelloMavenTest" time="8.895" tests="2" errors="0" skipped="0" failures="1">
  <properties>
    <property name="java.runtime.name" value="Java(TM) SE Runtime Environment"/>
    <property name="sun.boot.library.path" value="D:\common\jdk1.7.0-x64\jre\bin"/>
    <property name="java.vm.version" value="24.76-b04"/>
    <property name="java.vm.vendor" value="Oracle Corporation"/>
    <property name="maven.multiModuleProjectDirectory" value="D:\sourceCode\mulesoftTraining\maven-project"/>
    <property name="java.vendor.url" value="http://java.oracle.com/"/>
    <property name="path.separator" value=";"/>
    <property name="guice.disable.misplaced.annotation.check" value="true"/>
    <property name="java.vm.name" value="Java HotSpot(TM) 64-Bit Server VM"/>
    <property name="file.encoding.pkg" value="sun.io"/>
    <property name="user.script" value=""/>
    <property name="user.country" value="US"/>
    <property name="sun.java.launcher" value="SUN_STANDARD"/>
    <property name="sun.os.patch.level" value="Service Pack 1"/>
    <property name="java.vm.specification.name" value="Java Virtual Machine Specification"/>
    <property name="user.dir" value="D:\sourceCode\mulesoftTraining\maven-project"/>
    <property name="java.runtime.version" value="1.7.0_76-b13"/>
    <property name="java.awt.graphicsenv" value="sun.awt.Win32GraphicsEnvironment"/>
    <property name="java.endorsed.dirs" value="D:\common\jdk1.7.0-x64\jre\lib\endorsed"/>
    <property name="os.arch" value="amd64"/>
    <property name="java.io.tmpdir" value="C:\Users\Bsayer\AppData\Local\Temp\"/>
    <property name="line.separator" value="&#10;"/>
    <property name="java.vm.specification.vendor" value="Oracle Corporation"/>
    <property name="user.variant" value=""/>
    <property name="os.name" value="Windows 7"/>
    <property name="classworlds.conf" value="D:\apache-maven-3.3.3-bin\apache-maven-3.3.3\bin\..\bin\m2.conf"/>
    <property name="sun.jnu.encoding" value="Cp1252"/>
    <property name="java.library.path" value="D:\common\jdk1.7.0-x64\bin;C:\Windows\Sun\Java\bin;C:\Windows\system32;C:\Windows;D:\common\jdk1.7.0-x64\bin;C:\Windows\system32;C:\Windows;C:\Windows\System32\Wbem;C:\Windows\System32\WindowsPowerShell\v1.0\;C:\Windows\CCM;C:\Program Files (x86)\Microsoft SQL Server\100\Tools\Binn\;C:\Program Files\Microsoft SQL Server\100\Tools\Binn\;C:\Program Files\Microsoft SQL Server\100\DTS\Binn\;C:\Program Files (x86)\Microsoft SQL Server\100\Tools\Binn\VSShell\Common7\IDE\;C:\Program Files (x86)\Microsoft Visual Studio 9.0\Common7\IDE\PrivateAssemblies\;C:\Program Files (x86)\Microsoft SQL Server\100\DTS\Binn\;C:\Program Files\TortoiseSVN\bin;C:\Program Files (x86)\MySQL\MySQL Fabric 1.5.4 &amp; MySQL Utilities 1.5.4 1.5\;C:\Program Files (x86)\MySQL\MySQL Fabric 1.5.4 &amp; MySQL Utilities 1.5.4 1.5\Doctrine extensions for PHP\;D:\apache-maven-3.3.3-bin\apache-maven-3.3.3\bin;D:\DevTools\Gradle\gradle-2.6\bin;C:\Program Files\Git\cmd;."/>
    <property name="java.specification.name" value="Java Platform API Specification"/>
    <property name="java.class.version" value="51.0"/>
    <property name="sun.management.compiler" value="HotSpot 64-Bit Tiered Compilers"/>
    <property name="os.version" value="6.1"/>
    <property name="user.home" value="C:\Users\Bsayer"/>
    <property name="user.timezone" value="America/New_York"/>
    <property name="java.awt.printerjob" value="sun.awt.windows.WPrinterJob"/>
    <property name="java.specification.version" value="1.7"/>
    <property name="file.encoding" value="Cp1252"/>
    <property name="user.name" value="bsayer"/>
    <property name="java.class.path" value="D:\apache-maven-3.3.3-bin\apache-maven-3.3.3\bin\..\boot\plexus-classworlds-2.5.2.jar"/>
    <property name="java.vm.specification.version" value="1.7"/>
    <property name="sun.arch.data.model" value="64"/>
    <property name="java.home" value="D:\common\jdk1.7.0-x64\jre"/>
    <property name="sun.java.command" value="org.codehaus.plexus.classworlds.launcher.Launcher test"/>
    <property name="java.specification.vendor" value="Oracle Corporation"/>
    <property name="user.language" value="en"/>
    <property name="awt.toolkit" value="sun.awt.windows.WToolkit"/>
    <property name="java.vm.info" value="mixed mode"/>
    <property name="java.version" value="1.7.0_76"/>
    <property name="java.ext.dirs" value="D:\common\jdk1.7.0-x64\jre\lib\ext;C:\Windows\Sun\Java\lib\ext"/>
    <property name="sun.boot.class.path" value="D:\common\jdk1.7.0-x64\jre\lib\resources.jar;D:\common\jdk1.7.0-x64\jre\lib\rt.jar;D:\common\jdk1.7.0-x64\jre\lib\sunrsasign.jar;D:\common\jdk1.7.0-x64\jre\lib\jsse.jar;D:\common\jdk1.7.0-x64\jre\lib\jce.jar;D:\common\jdk1.7.0-x64\jre\lib\charsets.jar;D:\common\jdk1.7.0-x64\jre\lib\jfr.jar;D:\common\jdk1.7.0-x64\jre\classes"/>
    <property name="java.vendor" value="Oracle Corporation"/>
    <property name="maven.home" value="D:\apache-maven-3.3.3-bin\apache-maven-3.3.3\bin\.."/>
    <property name="file.separator" value="\"/>
    <property name="java.vendor.url.bug" value="http://bugreport.sun.com/bugreport/"/>
    <property name="sun.cpu.endian" value="little"/>
    <property name="sun.io.unicode.encoding" value="UnicodeLittle"/>
    <property name="sun.desktop" value="windows"/>
    <property name="sun.cpu.isalist" value="amd64"/>
  </properties>
  <testcase name="mavenFlowReturnsHelloMaven" classname="com.mulesoft.training.HelloMavenTest" time="7.025"/>
  <testcase name="retrieveFlightsAddsAppropriateHeader" classname="com.mulesoft.training.HelloMavenTest" time="1.764">
    <failure message="expected:&lt;application/json&gt; but was:&lt;null&gt;" type="java.lang.AssertionError"><![CDATA[java.lang.AssertionError: expected:<application/json> but was:<null>
	at com.mulesoft.training.HelloMavenTest.retrieveFlightsAddsAppropriateHeader(HelloMavenTest.java:20)
]]></failure>
    <system-out><![CDATA[
================================================================================
= Testing: retrieveFlightsAddsAppropriateHeader                                =
================================================================================
 INFO | Using working directory for test: C:\Users\Bsayer\AppData\Local\Temp\junit3377630917856859760
 INFO | Initialising RegistryBroker
 INFO | Refreshing org.mule.config.spring.MuleArtifactContext@1f474720: startup date [Tue Nov 10 13:43:23 EST 2015]; root of context hierarchy
 INFO | JSR-330 'javax.inject.Inject' annotation found and supported for autowiring
 WARN | Expression string is not an expression.  Use isExpression(String) to validate first
 WARN | Expression string is not an expression.  Use isExpression(String) to validate first
 INFO | Initialising connector: activeMQ
 INFO | Initialising model: _muleSystemModel
 INFO | Initialising flow: mavenFlow
 INFO | Initialising exception listener: org.mule.exception.DefaultMessagingExceptionStrategy@45cdbece
 INFO | Initialising service: mavenFlow.stage1
 INFO | Initialising flow: retrieveFlights
 INFO | Initialising exception listener: org.mule.exception.DefaultMessagingExceptionStrategy@69fdc8aa
 INFO | Initialising service: retrieveFlights.stage1
 INFO | Initialising flow: logFlights
 INFO | Initialising exception listener: org.mule.exception.DefaultMessagingExceptionStrategy@16a68e
 INFO | Initialising service: logFlights.stage1
 INFO | Using files for tx logs C:\Users\Bsayer\AppData\Local\Temp\junit3377630917856859760\queue-tx-log\tx1.log and C:\Users\Bsayer\AppData\Local\Temp\junit3377630917856859760\queue-tx-log\tx2.log
 INFO | Using files for tx logs C:\Users\Bsayer\AppData\Local\Temp\junit3377630917856859760\queue-xa-tx-log\tx1.log and C:\Users\Bsayer\AppData\Local\Temp\junit3377630917856859760\queue-xa-tx-log\tx2.log
 INFO | Configured Mule using "org.mule.config.spring.SpringXmlConfigurationBuilder" with configuration resource(s): "[ConfigResource{resourceName='maven-project.xml'}]"
 INFO | Starting ResourceManager
 INFO | Started ResourceManager
 INFO | Listening for requests on http://localhost:9081
 INFO | JMX consoles can connect to service:jmx:rmi:///jndi/rmi://localhost:1099/jmxrmi
 INFO | PListStore:[D:\sourceCode\mulesoftTraining\maven-project\activemq-data\localhost\tmp_storage] started
 INFO | Using Persistence Adapter: KahaDBPersistenceAdapter[D:\sourceCode\mulesoftTraining\maven-project\activemq-data\localhost\KahaDB]
 INFO | KahaDB is version 6
 INFO | Recovering from the journal @1:23111
 INFO | Recovery replayed 1 operations from the journal in 0.001 seconds.
 INFO | Apache ActiveMQ 5.12.1 (localhost, ID:T550-13107-64247-1447181001900-0:2) is starting
 INFO | Apache ActiveMQ 5.12.1 (localhost, ID:T550-13107-64247-1447181001900-0:2) started
 INFO | For help or more information please see: http://activemq.apache.org
 INFO | Connector vm://localhost started
 INFO | Connected: ActiveMQJmsConnector
{
  name=activeMQ
  lifecycle=initialise
  this=2f9b087d
  numberOfConcurrentTransactedReceivers=4
  createMultipleTransactedReceivers=true
  connected=true
  supportedProtocols=[jms]
  serviceOverrides=<none>
}

 INFO | Starting: ActiveMQJmsConnector
{
  name=activeMQ
  lifecycle=initialise
  this=2f9b087d
  numberOfConcurrentTransactedReceivers=4
  createMultipleTransactedReceivers=true
  connected=true
  supportedProtocols=[jms]
  serviceOverrides=<none>
}

 INFO | Starting connector: activeMQ
 INFO | Starting model: _muleSystemModel
 INFO | Starting flow: mavenFlow
 INFO | Starting service: mavenFlow.stage1
 INFO | Starting flow: retrieveFlights
 INFO | Starting service: retrieveFlights.stage1
 INFO | Starting flow: logFlights
 INFO | Starting service: logFlights.stage1
 INFO | Registering listener: logFlights on endpointUri: jms://flights
 INFO | Loading default inbound transformer: org.mule.transport.jms.transformers.JMSMessageToObject
 INFO | Loading default response transformer: org.mule.transport.jms.transformers.ObjectToJMSMessage
 INFO | Initialising: 'null'. Object is: MultiConsumerJmsMessageReceiver
 INFO | Connecting clusterizable message receiver
 INFO | Endpoint jms://flights has been successfully reconnected.
 INFO | Starting: 'null'. Object is: MultiConsumerJmsMessageReceiver
 INFO | Starting clusterizable message receiver
 INFO | 
**********************************************************************
* Mule ESB and Integration Platform                                  *
* Version: 3.7.2 Build: e6f2bb64                                     *
* MuleSoft, Inc.                                                     *
* For more information go to http://www.mulesoft.org                 *
*                                                                    *
* Server started: 11/10/15 1:43 PM                                   *
* Server ID: ebacd160-87da-11e5-ab96-54ee7558d7eb                    *
* JDK: 1.7.0_76 (mixed mode)                                         *
* OS encoding: Cp1252, Mule encoding: UTF-8                          *
* OS: Windows 7 - Service Pack 1 (6.1, amd64)                        *
* Host: T550-13107 (10.50.15.25)                                     *
*                                                                    *
* Agents Running: None                                               *
**********************************************************************
 WARN | The <model> element is deprecated in Mule 3.4 and will be removed in Mule 4.0.  Flows do not need to be configured inside a <model> element. 
 INFO | Initialising model: main
 INFO | Starting model: main
 WARN | Services (SedaService or any custom implementation) are deprecated in Mule 3.4 and will be removed in Mule 4.0. 
 INFO | Initialising service: appleService
 INFO | Initialising exception listener: org.mule.exception.DefaultMessagingExceptionStrategy@23324825
 INFO | Initialising component: component.244843266
 INFO | Initialising service: appleService
 INFO | Starting service: appleService
 INFO | Starting component: component.244843266
 INFO | Starting service: appleService
 INFO | Initialising connector: testConnector
 INFO | Connected: TestConnector
{
  name=testConnector
  lifecycle=initialise
  this=3840fe2e
  numberOfConcurrentTransactedReceivers=4
  createMultipleTransactedReceivers=true
  connected=true
  supportedProtocols=[test]
  serviceOverrides=<none>
}

 INFO | Starting: TestConnector
{
  name=testConnector
  lifecycle=initialise
  this=3840fe2e
  numberOfConcurrentTransactedReceivers=4
  createMultipleTransactedReceivers=true
  connected=true
  supportedProtocols=[test]
  serviceOverrides=<none>
}

 INFO | Starting connector: testConnector
 INFO | Loading default outbound transformer: org.mule.transport.jms.transformers.ObjectToJMSMessage
 INFO | Loading default response transformer: org.mule.transport.jms.transformers.ObjectToJMSMessage
 WARN | Starting patched JmsMessageReceiver
 INFO | Initialising: 'activeMQ.dispatcher.507871326'. Object is: EeJmsMessageDispatcher
 INFO | Starting: 'activeMQ.dispatcher.507871326'. Object is: EeJmsMessageDispatcher
 INFO | Stopping flow: mavenFlow
 INFO | Stopping service: mavenFlow.stage1
 INFO | [{"DESTINATION":"SFO","PRICE":555,"ORIGIN":"YYZ","ID":0},{"DESTINATION":"LAX","PRICE":450,"ORIGIN":"YYZ","ID":1},{"DESTINATION":"SEA","PRICE":777,"ORIGIN":"SQL","ID":2},{"DESTINATION":"SFO","PRICE":999,"ORIGIN":"SQL","ID":3}]
 INFO | Stopping flow: retrieveFlights
 INFO | Stopping service: retrieveFlights.stage1
 INFO | Stopping flow: logFlights
 INFO | Removing listener on endpointUri: jms://flights
 INFO | Stopping: 'null'. Object is: MultiConsumerJmsMessageReceiver
 INFO | Disposing: 'null'. Object is: MultiConsumerJmsMessageReceiver
 INFO | Stopping service: logFlights.stage1
 INFO | Stopping service: appleService
 INFO | Stopping service: appleService
 INFO | Stopping component: component.244843266
 INFO | Stopping model: _muleSystemModel
 INFO | Stopping connector: activeMQ
 INFO | Stopping: 'activeMQ.dispatcher.507871326'. Object is: EeJmsMessageDispatcher
 INFO | Disposing: 'activeMQ.dispatcher.507871326'. Object is: EeJmsMessageDispatcher
 INFO | Stopped listener on http://localhost:9081
 INFO | Stopping ResourceManager
 INFO | Stopped ResourceManager
 INFO | Disposing RegistryBroker
 INFO | Disposing flow: mavenFlow
 INFO | Disposing service: mavenFlow.stage1
 INFO | Disposing flow: retrieveFlights
 INFO | Disposing service: retrieveFlights.stage1
 INFO | Disposing flow: logFlights
 INFO | Disposing service: logFlights.stage1
 INFO | Disposing service: appleService
 INFO | Disposing component: component.244843266
 INFO | Disposing service: appleService
 INFO | Disposing model: _muleSystemModel
 INFO | Connector vm://localhost stopped
 INFO | Apache ActiveMQ 5.12.1 (localhost, ID:T550-13107-64247-1447181001900-0:2) is shutting down
 INFO | PListStore:[D:\sourceCode\mulesoftTraining\maven-project\activemq-data\localhost\tmp_storage] stopped
 INFO | Stopping async queue tasks
 INFO | Stopping async topic tasks
 INFO | Stopped KahaDB
 INFO | Apache ActiveMQ 5.12.1 (localhost, ID:T550-13107-64247-1447181001900-0:2) uptime 0.844 seconds
 INFO | Apache ActiveMQ 5.12.1 (localhost, ID:T550-13107-64247-1447181001900-0:2) is shutdown
 INFO | Disconnected: ActiveMQJmsConnector
{
  name=activeMQ
  lifecycle=stop
  this=2f9b087d
  numberOfConcurrentTransactedReceivers=4
  createMultipleTransactedReceivers=true
  connected=true
  supportedProtocols=[jms]
  serviceOverrides=<none>
}

 INFO | Disposing connector: activeMQ
 INFO | Closing org.mule.config.spring.MuleArtifactContext@1f474720: startup date [Tue Nov 10 13:43:23 EST 2015]; root of context hierarchy
 INFO | 
**********************************************************************
* Mule Context shut down normally on: 11/10/15 1:43 PM               *
* Server was up for: 0 days, 0 hours, 0 mins, 1.67 sec               *
**********************************************************************
]]></system-out>
  </testcase>
</testsuite>